Determining if the pthread_create exist failed with the following output:
Change Dir: /home/min/libyang/build/CMakeFiles/CMakeTmp

Run Build Command:"/usr/bin/make" "cmTC_42bda/fast"
/usr/bin/make -f CMakeFiles/cmTC_42bda.dir/build.make CMakeFiles/cmTC_42bda.dir/build
make[1]: 디렉터리 '/home/min/libyang/build/CMakeFiles/CMakeTmp' 들어감
Building C object CMakeFiles/cmTC_42bda.dir/CheckSymbolExists.c.o
/usr/bin/cc   -Wall -Wextra  -fPIE   -o CMakeFiles/cmTC_42bda.dir/CheckSymbolExists.c.o   -c /home/min/libyang/build/CMakeFiles/CMakeTmp/CheckSymbolExists.c
Linking C executable cmTC_42bda
/usr/bin/cmake -E cmake_link_script CMakeFiles/cmTC_42bda.dir/link.txt --verbose=1
/usr/bin/cc  -Wall -Wextra     -rdynamic CMakeFiles/cmTC_42bda.dir/CheckSymbolExists.c.o  -o cmTC_42bda 
CMakeFiles/cmTC_42bda.dir/CheckSymbolExists.c.o: In function `main':
CheckSymbolExists.c:(.text+0x1b): undefined reference to `pthread_create'
collect2: error: ld returned 1 exit status
CMakeFiles/cmTC_42bda.dir/build.make:97: recipe for target 'cmTC_42bda' failed
make[1]: *** [cmTC_42bda] Error 1
make[1]: 디렉터리 '/home/min/libyang/build/CMakeFiles/CMakeTmp' 나감
Makefile:126: recipe for target 'cmTC_42bda/fast' failed
make: *** [cmTC_42bda/fast] Error 2

File /home/min/libyang/build/CMakeFiles/CMakeTmp/CheckSymbolExists.c:
/* */
#include <pthread.h>

int main(int argc, char** argv)
{
  (void)argv;
#ifndef pthread_create
  return ((int*)(&pthread_create))[argc];
#else
  (void)argc;
  return 0;
#endif
}

Determining if the function pthread_create exists in the pthreads failed with the following output:
Change Dir: /home/min/libyang/build/CMakeFiles/CMakeTmp

Run Build Command:"/usr/bin/make" "cmTC_edfd5/fast"
/usr/bin/make -f CMakeFiles/cmTC_edfd5.dir/build.make CMakeFiles/cmTC_edfd5.dir/build
make[1]: 디렉터리 '/home/min/libyang/build/CMakeFiles/CMakeTmp' 들어감
Building C object CMakeFiles/cmTC_edfd5.dir/CheckFunctionExists.c.o
/usr/bin/cc   -Wall -Wextra -DCHECK_FUNCTION_EXISTS=pthread_create -fPIE   -o CMakeFiles/cmTC_edfd5.dir/CheckFunctionExists.c.o   -c /usr/share/cmake-3.10/Modules/CheckFunctionExists.c
Linking C executable cmTC_edfd5
/usr/bin/cmake -E cmake_link_script CMakeFiles/cmTC_edfd5.dir/link.txt --verbose=1
/usr/bin/cc  -Wall -Wextra -DCHECK_FUNCTION_EXISTS=pthread_create    -rdynamic CMakeFiles/cmTC_edfd5.dir/CheckFunctionExists.c.o  -o cmTC_edfd5 -lpthreads 
/usr/bin/ld: cannot find -lpthreads
collect2: error: ld returned 1 exit status
CMakeFiles/cmTC_edfd5.dir/build.make:97: recipe for target 'cmTC_edfd5' failed
make[1]: *** [cmTC_edfd5] Error 1
make[1]: 디렉터리 '/home/min/libyang/build/CMakeFiles/CMakeTmp' 나감
Makefile:126: recipe for target 'cmTC_edfd5/fast' failed
make: *** [cmTC_edfd5/fast] Error 2


